Arguments: 
  /home/eduardo/.nvm/versions/node/v10.20.0/bin/node /usr/bin/yarn add -D @babel/cli @babel/core @babel/node @babel/preset-env babel-eslint eslint eslint-config-aribnb-base eslint-config-prettier eslint-plugin-import eslint-plugin-prettier nodemon prettier

PATH: 
  /home/eduardo/.nvm/versions/node/v10.20.0/bin:/usr/local/bin:/usr/bin:/bin:/usr/local/sbin:/usr/bin/site_perl:/usr/bin/vendor_perl:/usr/bin/core_perl:/home/eduardo/Android/Sdk/emulator:/home/eduardo/Android/Sdk/tools:/home/eduardo/Android/Sdk/tools/bin:/home/eduardo/Android/Sdk/platform-tools:/home/eduardo/bin:/home/eduardo/.gem/ruby/2.7.0/bin/

Yarn version: 
  1.22.4

Node version: 
  10.20.0

Platform: 
  linux x64

Trace: 
  Error: https://registry.yarnpkg.com/eslint-config-aribnb-base: Not found
      at Request.params.callback [as _callback] (/usr/lib/node_modules/yarn/lib/cli.js:66987:18)
      at Request.self.callback (/usr/lib/node_modules/yarn/lib/cli.js:140748:22)
      at Request.emit (events.js:198:13)
      at Request.<anonymous> (/usr/lib/node_modules/yarn/lib/cli.js:141720:10)
      at Request.emit (events.js:198:13)
      at IncomingMessage.<anonymous> (/usr/lib/node_modules/yarn/lib/cli.js:141642:12)
      at Object.onceWrapper (events.js:286:20)
      at IncomingMessage.emit (events.js:203:15)
      at endReadableNT (_stream_readable.js:1145:12)
      at process._tickCallback (internal/process/next_tick.js:63:19)

npm manifest: 
  {
    "name": "cheatsheetgen",
    "version": "1.0.0",
    "description": "",
    "main": "index.js",
    "scripts": {
      "test": "echo \"Error: no test specified\" && exit 1"
    },
    "author": "",
    "license": "ISC"
  }

yarn manifest: 
  No manifest

Lockfile: 
  No lockfile
